99.12.15 08:42 B C:\TEMP\main\FIGURES\2phase.jpg <-- WS_FTP32 /users/sam/public_html/2phase/ALL/main/FIGURES 2phase.jpg
99.12.15 08:42 B C:\TEMP\main\FIGURES\Book.jpg <-- WS_FTP32 /users/sam/public_html/2phase/ALL/main/FIGURES Book.jpg
99.12.15 08:42 B C:\TEMP\main\FIGURES\FIG1-1.GIF <-- WS_FTP32 /users/sam/public_html/2phase/ALL/main/FIGURES FIG1-1.GIF
99.12.15 08:42 B C:\TEMP\main\FIGURES\FIG1-1.html <-- WS_FTP32 /users/sam/public_html/2phase/ALL/main/FIGURES FIG1-1.html
99.12.15 08:42 B C:\TEMP\main\FIGURES\FIG1-2.GIF <-- WS_FTP32 /users/sam/public_html/2phase/ALL/main/FIGURES FIG1-2.GIF
99.12.15 08:42 B C:\TEMP\main\FIGURES\FIG1-2.html <-- WS_FTP32 /users/sam/public_html/2phase/ALL/main/FIGURES FIG1-2.html
99.12.15 08:42 B C:\TEMP\main\FIGURES\FIG1-3.GIF <-- WS_FTP32 /users/sam/public_html/2phase/ALL/main/FIGURES FIG1-3.GIF
99.12.15 08:42 B C:\TEMP\main\FIGURES\FIG1-3.html <-- WS_FTP32 /users/sam/public_html/2phase/ALL/main/FIGURES FIG1-3.html
99.12.15 08:42 B C:\TEMP\main\FIGURES\FIG1-4.GIF <-- WS_FTP32 /users/sam/public_html/2phase/ALL/main/FIGURES FIG1-4.GIF
99.12.15 08:42 B C:\TEMP\main\FIGURES\FIG1-4.html <-- WS_FTP32 /users/sam/public_html/2phase/ALL/main/FIGURES FIG1-4.html
99.12.15 08:42 B C:\TEMP\main\FIGURES\FIG2-1.GIF <-- WS_FTP32 /users/sam/public_html/2phase/ALL/main/FIGURES FIG2-1.GIF
99.12.15 08:42 B C:\TEMP\main\FIGURES\FIG2-1.html <-- WS_FTP32 /users/sam/public_html/2phase/ALL/main/FIGURES FIG2-1.html
99.12.15 08:42 B C:\TEMP\main\FIGURES\FIG2-2.GIF <-- WS_FTP32 /users/sam/public_html/2phase/ALL/main/FIGURES FIG2-2.GIF
99.12.15 08:42 B C:\TEMP\main\FIGURES\FIG2-2.html <-- WS_FTP32 /users/sam/public_html/2phase/ALL/main/FIGURES FIG2-2.html
99.12.15 08:42 B C:\TEMP\main\FIGURES\FIG2-3.GIF <-- WS_FTP32 /users/sam/public_html/2phase/ALL/main/FIGURES FIG2-3.GIF
99.12.15 08:42 B C:\TEMP\main\FIGURES\FIG2-3.html <-- WS_FTP32 /users/sam/public_html/2phase/ALL/main/FIGURES FIG2-3.html
99.12.15 08:42 B C:\TEMP\main\FIGURES\FIG3-1.GIF <-- WS_FTP32 /users/sam/public_html/2phase/ALL/main/FIGURES FIG3-1.GIF
99.12.15 08:42 B C:\TEMP\main\FIGURES\FIG3-1.html <-- WS_FTP32 /users/sam/public_html/2phase/ALL/main/FIGURES FIG3-1.html
99.12.15 08:42 B C:\TEMP\main\FIGURES\FIG3-2.GIF <-- WS_FTP32 /users/sam/public_html/2phase/ALL/main/FIGURES FIG3-2.GIF
99.12.15 08:42 B C:\TEMP\main\FIGURES\FIG3-2.html <-- WS_FTP32 /users/sam/public_html/2phase/ALL/main/FIGURES FIG3-2.html
99.12.15 08:42 B C:\TEMP\main\FIGURES\FIG3-3.GIF <-- WS_FTP32 /users/sam/public_html/2phase/ALL/main/FIGURES FIG3-3.GIF
99.12.15 08:42 B C:\TEMP\main\FIGURES\FIG3-3.html <-- WS_FTP32 /users/sam/public_html/2phase/ALL/main/FIGURES FIG3-3.html
99.12.15 08:42 B C:\TEMP\main\FIGURES\FIG4-1.GIF <-- WS_FTP32 /users/sam/public_html/2phase/ALL/main/FIGURES FIG4-1.GIF
99.12.15 08:42 B C:\TEMP\main\FIGURES\FIG4-1.html <-- WS_FTP32 /users/sam/public_html/2phase/ALL/main/FIGURES FIG4-1.html
99.12.15 08:42 B C:\TEMP\main\FIGURES\FIG4-2.GIF <-- WS_FTP32 /users/sam/public_html/2phase/ALL/main/FIGURES FIG4-2.GIF
99.12.15 08:42 B C:\TEMP\main\FIGURES\FIG4-2.html <-- WS_FTP32 /users/sam/public_html/2phase/ALL/main/FIGURES FIG4-2.html
99.12.15 08:42 B C:\TEMP\main\FIGURES\FIG4-3.GIF <-- WS_FTP32 /users/sam/public_html/2phase/ALL/main/FIGURES FIG4-3.GIF
99.12.15 08:42 B C:\TEMP\main\FIGURES\FIG4-3.html <-- WS_FTP32 /users/sam/public_html/2phase/ALL/main/FIGURES FIG4-3.html
99.12.15 08:42 B C:\TEMP\main\FIGURES\FIG4-4.GIF <-- WS_FTP32 /users/sam/public_html/2phase/ALL/main/FIGURES FIG4-4.GIF
99.12.15 08:42 B C:\TEMP\main\FIGURES\FIG4-4.html <-- WS_FTP32 /users/sam/public_html/2phase/ALL/main/FIGURES FIG4-4.html
99.12.15 08:42 B C:\TEMP\main\FIGURES\FIG4-5.GIF <-- WS_FTP32 /users/sam/public_html/2phase/ALL/main/FIGURES FIG4-5.GIF
99.12.15 08:42 B C:\TEMP\main\FIGURES\FIG4-5.html <-- WS_FTP32 /users/sam/public_html/2phase/ALL/main/FIGURES FIG4-5.html
99.12.15 08:42 B C:\TEMP\main\FIGURES\FIG4-6.GIF <-- WS_FTP32 /users/sam/public_html/2phase/ALL/main/FIGURES FIG4-6.GIF
99.12.15 08:42 B C:\TEMP\main\FIGURES\FIG4-6.html <-- WS_FTP32 /users/sam/public_html/2phase/ALL/main/FIGURES FIG4-6.html
99.12.15 08:42 B C:\TEMP\main\FIGURES\FIG4-7.GIF <-- WS_FTP32 /users/sam/public_html/2phase/ALL/main/FIGURES FIG4-7.GIF
99.12.15 08:42 B C:\TEMP\main\FIGURES\FIG4-7.html <-- WS_FTP32 /users/sam/public_html/2phase/ALL/main/FIGURES FIG4-7.html
99.12.15 08:42 B C:\TEMP\main\FIGURES\FIG5-1.GIF <-- WS_FTP32 /users/sam/public_html/2phase/ALL/main/FIGURES FIG5-1.GIF
99.12.15 08:42 B C:\TEMP\main\FIGURES\FIG5-1.html <-- WS_FTP32 /users/sam/public_html/2phase/ALL/main/FIGURES FIG5-1.html
99.12.15 08:42 B C:\TEMP\main\FIGURES\FIG5-2.GIF <-- WS_FTP32 /users/sam/public_html/2phase/ALL/main/FIGURES FIG5-2.GIF
99.12.15 08:42 B C:\TEMP\main\FIGURES\FIG5-2.html <-- WS_FTP32 /users/sam/public_html/2phase/ALL/main/FIGURES FIG5-2.html
99.12.15 08:42 B C:\TEMP\main\FIGURES\FIG5-3.GIF <-- WS_FTP32 /users/sam/public_html/2phase/ALL/main/FIGURES FIG5-3.GIF
99.12.15 08:42 B C:\TEMP\main\FIGURES\FIG5-3.html <-- WS_FTP32 /users/sam/public_html/2phase/ALL/main/FIGURES FIG5-3.html
99.12.15 08:42 B C:\TEMP\main\FIGURES\FIG5-4.GIF <-- WS_FTP32 /users/sam/public_html/2phase/ALL/main/FIGURES FIG5-4.GIF
99.12.15 08:42 B C:\TEMP\main\FIGURES\FIG5-4.html <-- WS_FTP32 /users/sam/public_html/2phase/ALL/main/FIGURES FIG5-4.html
99.12.15 08:42 B C:\TEMP\main\FIGURES\FIG5-5.GIF <-- WS_FTP32 /users/sam/public_html/2phase/ALL/main/FIGURES FIG5-5.GIF
99.12.15 08:42 B C:\TEMP\main\FIGURES\FIG5-5.html <-- WS_FTP32 /users/sam/public_html/2phase/ALL/main/FIGURES FIG5-5.html
99.12.15 08:42 B C:\TEMP\main\FIGURES\FIG6-1.GIF <-- WS_FTP32 /users/sam/public_html/2phase/ALL/main/FIGURES FIG6-1.GIF
99.12.15 08:42 B C:\TEMP\main\FIGURES\FIG6-1.html <-- WS_FTP32 /users/sam/public_html/2phase/ALL/main/FIGURES FIG6-1.html
99.12.15 08:42 B C:\TEMP\main\FIGURES\FIG6-2-2.GIF <-- WS_FTP32 /users/sam/public_html/2phase/ALL/main/FIGURES FIG6-2-2.GIF
99.12.15 08:42 B C:\TEMP\main\FIGURES\FIG6-2-2.html <-- WS_FTP32 /users/sam/public_html/2phase/ALL/main/FIGURES FIG6-2-2.html
99.12.15 08:42 B C:\TEMP\main\FIGURES\FIG6-2.GIF <-- WS_FTP32 /users/sam/public_html/2phase/ALL/main/FIGURES FIG6-2.GIF
99.12.15 08:42 B C:\TEMP\main\FIGURES\FIG6-2.html <-- WS_FTP32 /users/sam/public_html/2phase/ALL/main/FIGURES FIG6-2.html
99.12.15 08:42 B C:\TEMP\main\FIGURES\FIG6-3.GIF <-- WS_FTP32 /users/sam/public_html/2phase/ALL/main/FIGURES FIG6-3.GIF
99.12.15 08:42 B C:\TEMP\main\FIGURES\FIG6-3.html <-- WS_FTP32 /users/sam/public_html/2phase/ALL/main/FIGURES FIG6-3.html
99.12.15 08:42 B C:\TEMP\main\FIGURES\FIG6-4.GIF <-- WS_FTP32 /users/sam/public_html/2phase/ALL/main/FIGURES FIG6-4.GIF
99.12.15 08:42 B C:\TEMP\main\FIGURES\FIG6-4.html <-- WS_FTP32 /users/sam/public_html/2phase/ALL/main/FIGURES FIG6-4.html
99.12.15 08:42 B C:\TEMP\main\FIGURES\FIG6-5.GIF <-- WS_FTP32 /users/sam/public_html/2phase/ALL/main/FIGURES FIG6-5.GIF
99.12.15 08:42 B C:\TEMP\main\FIGURES\FIG6-5.html <-- WS_FTP32 /users/sam/public_html/2phase/ALL/main/FIGURES FIG6-5.html
99.12.15 08:42 B C:\TEMP\main\FIGURES\FIG6-6.GIF <-- WS_FTP32 /users/sam/public_html/2phase/ALL/main/FIGURES FIG6-6.GIF
99.12.15 08:42 B C:\TEMP\main\FIGURES\FIG6-6.html <-- WS_FTP32 /users/sam/public_html/2phase/ALL/main/FIGURES FIG6-6.html
99.12.15 08:42 B C:\TEMP\main\FIGURES\FIG6-7.GIF <-- WS_FTP32 /users/sam/public_html/2phase/ALL/main/FIGURES FIG6-7.GIF
99.12.15 08:42 B C:\TEMP\main\FIGURES\FIG6-7.html <-- WS_FTP32 /users/sam/public_html/2phase/ALL/main/FIGURES FIG6-7.html
99.12.15 08:42 B C:\TEMP\main\FIGURES\FIG6-7.JPG <-- WS_FTP32 /users/sam/public_html/2phase/ALL/main/FIGURES FIG6-7.JPG
99.12.15 08:42 B C:\TEMP\main\FIGURES\FIG7-1.GIF <-- WS_FTP32 /users/sam/public_html/2phase/ALL/main/FIGURES FIG7-1.GIF
99.12.15 08:42 B C:\TEMP\main\FIGURES\FIG7-1.html <-- WS_FTP32 /users/sam/public_html/2phase/ALL/main/FIGURES FIG7-1.html
99.12.15 08:42 B C:\TEMP\main\FIGURES\FIG7-10.GIF <-- WS_FTP32 /users/sam/public_html/2phase/ALL/main/FIGURES FIG7-10.GIF
99.12.15 08:42 B C:\TEMP\main\FIGURES\FIG7-10.html <-- WS_FTP32 /users/sam/public_html/2phase/ALL/main/FIGURES FIG7-10.html
99.12.15 08:42 B C:\TEMP\main\FIGURES\FIG7-11.GIF <-- WS_FTP32 /users/sam/public_html/2phase/ALL/main/FIGURES FIG7-11.GIF
99.12.15 08:42 B C:\TEMP\main\FIGURES\FIG7-11.html <-- WS_FTP32 /users/sam/public_html/2phase/ALL/main/FIGURES FIG7-11.html
99.12.15 08:42 B C:\TEMP\main\FIGURES\FIG7-2.GIF <-- WS_FTP32 /users/sam/public_html/2phase/ALL/main/FIGURES FIG7-2.GIF
99.12.15 08:42 B C:\TEMP\main\FIGURES\FIG7-2.html <-- WS_FTP32 /users/sam/public_html/2phase/ALL/main/FIGURES FIG7-2.html
99.12.15 08:42 B C:\TEMP\main\FIGURES\FIG7-3.GIF <-- WS_FTP32 /users/sam/public_html/2phase/ALL/main/FIGURES FIG7-3.GIF
99.12.15 08:42 B C:\TEMP\main\FIGURES\FIG7-3.html <-- WS_FTP32 /users/sam/public_html/2phase/ALL/main/FIGURES FIG7-3.html
99.12.15 08:42 B C:\TEMP\main\FIGURES\FIG7-4.GIF <-- WS_FTP32 /users/sam/public_html/2phase/ALL/main/FIGURES FIG7-4.GIF
99.12.15 08:42 B C:\TEMP\main\FIGURES\FIG7-4.html <-- WS_FTP32 /users/sam/public_html/2phase/ALL/main/FIGURES FIG7-4.html
99.12.15 08:42 B C:\TEMP\main\FIGURES\FIG7-5.GIF <-- WS_FTP32 /users/sam/public_html/2phase/ALL/main/FIGURES FIG7-5.GIF
99.12.15 08:42 B C:\TEMP\main\FIGURES\FIG7-5.html <-- WS_FTP32 /users/sam/public_html/2phase/ALL/main/FIGURES FIG7-5.html
99.12.15 08:42 B C:\TEMP\main\FIGURES\FIG7-6.GIF <-- WS_FTP32 /users/sam/public_html/2phase/ALL/main/FIGURES FIG7-6.GIF
99.12.15 08:42 B C:\TEMP\main\FIGURES\FIG7-6.html <-- WS_FTP32 /users/sam/public_html/2phase/ALL/main/FIGURES FIG7-6.html
99.12.15 08:42 B C:\TEMP\main\FIGURES\FIG7-7.GIF <-- WS_FTP32 /users/sam/public_html/2phase/ALL/main/FIGURES FIG7-7.GIF
99.12.15 08:42 B C:\TEMP\main\FIGURES\FIG7-7.html <-- WS_FTP32 /users/sam/public_html/2phase/ALL/main/FIGURES FIG7-7.html
99.12.15 08:42 B C:\TEMP\main\FIGURES\FIG7-8.GIF <-- WS_FTP32 /users/sam/public_html/2phase/ALL/main/FIGURES FIG7-8.GIF
99.12.15 08:42 B C:\TEMP\main\FIGURES\FIG7-8.html <-- WS_FTP32 /users/sam/public_html/2phase/ALL/main/FIGURES FIG7-8.html
99.12.15 08:42 B C:\TEMP\main\FIGURES\FIG7-9.GIF <-- WS_FTP32 /users/sam/public_html/2phase/ALL/main/FIGURES FIG7-9.GIF
99.12.15 08:42 B C:\TEMP\main\FIGURES\FIG7-9.html <-- WS_FTP32 /users/sam/public_html/2phase/ALL/main/FIGURES FIG7-9.html
99.12.15 08:42 B C:\TEMP\main\FIGURES\FIG8-1.GIF <-- WS_FTP32 /users/sam/public_html/2phase/ALL/main/FIGURES FIG8-1.GIF
99.12.15 08:42 B C:\TEMP\main\FIGURES\FIG8-1.html <-- WS_FTP32 /users/sam/public_html/2phase/ALL/main/FIGURES FIG8-1.html
99.12.15 08:42 B C:\TEMP\main\FIGURES\FIG8-2.GIF <-- WS_FTP32 /users/sam/public_html/2phase/ALL/main/FIGURES FIG8-2.GIF
99.12.15 08:42 B C:\TEMP\main\FIGURES\FIG8-2.html <-- WS_FTP32 /users/sam/public_html/2phase/ALL/main/FIGURES FIG8-2.html
99.12.15 08:42 B C:\TEMP\main\FIGURES\FIG9-1-1.GIF <-- WS_FTP32 /users/sam/public_html/2phase/ALL/main/FIGURES FIG9-1-1.GIF
99.12.15 08:42 B C:\TEMP\main\FIGURES\FIG9-1-1.html <-- WS_FTP32 /users/sam/public_html/2phase/ALL/main/FIGURES FIG9-1-1.html
99.12.15 08:42 B C:\TEMP\main\FIGURES\FIG9-1.GIF <-- WS_FTP32 /users/sam/public_html/2phase/ALL/main/FIGURES FIG9-1.GIF
99.12.15 08:42 B C:\TEMP\main\FIGURES\FIG9-1.html <-- WS_FTP32 /users/sam/public_html/2phase/ALL/main/FIGURES FIG9-1.html
99.12.15 08:42 B C:\TEMP\main\FIGURES\FIG9-2.GIF <-- WS_FTP32 /users/sam/public_html/2phase/ALL/main/FIGURES FIG9-2.GIF
99.12.15 08:42 B C:\TEMP\main\FIGURES\FIG9-2.html <-- WS_FTP32 /users/sam/public_html/2phase/ALL/main/FIGURES FIG9-2.html
