99.12.15 08:43 B C:\TEMP\main\images.tex <-- WS_FTP32 /users/sam/public_html/2phase/ALL/main images.tex
99.12.15 08:43 B C:\TEMP\main\img1.gif <-- WS_FTP32 /users/sam/public_html/2phase/ALL/main img1.gif
99.12.15 08:43 B C:\TEMP\main\img10.gif <-- WS_FTP32 /users/sam/public_html/2phase/ALL/main img10.gif
99.12.15 08:43 B C:\TEMP\main\img100.gif <-- WS_FTP32 /users/sam/public_html/2phase/ALL/main img100.gif
99.12.15 08:43 B C:\TEMP\main\img101.gif <-- WS_FTP32 /users/sam/public_html/2phase/ALL/main img101.gif
99.12.15 08:43 B C:\TEMP\main\img102.gif <-- WS_FTP32 /users/sam/public_html/2phase/ALL/main img102.gif
99.12.15 08:43 B C:\TEMP\main\img103.gif <-- WS_FTP32 /users/sam/public_html/2phase/ALL/main img103.gif
99.12.15 08:43 B C:\TEMP\main\img104.gif <-- WS_FTP32 /users/sam/public_html/2phase/ALL/main img104.gif
99.12.15 08:43 B C:\TEMP\main\img105.gif <-- WS_FTP32 /users/sam/public_html/2phase/ALL/main img105.gif
99.12.15 08:43 B C:\TEMP\main\img106.gif <-- WS_FTP32 /users/sam/public_html/2phase/ALL/main img106.gif
99.12.15 08:43 B C:\TEMP\main\img107.gif <-- WS_FTP32 /users/sam/public_html/2phase/ALL/main img107.gif
99.12.15 08:43 B C:\TEMP\main\img108.gif <-- WS_FTP32 /users/sam/public_html/2phase/ALL/main img108.gif
99.12.15 08:43 B C:\TEMP\main\img109.gif <-- WS_FTP32 /users/sam/public_html/2phase/ALL/main img109.gif
99.12.15 08:43 B C:\TEMP\main\img11.gif <-- WS_FTP32 /users/sam/public_html/2phase/ALL/main img11.gif
99.12.15 08:43 B C:\TEMP\main\img11.old <-- WS_FTP32 /users/sam/public_html/2phase/ALL/main img11.old
99.12.15 08:43 B C:\TEMP\main\img110.gif <-- WS_FTP32 /users/sam/public_html/2phase/ALL/main img110.gif
99.12.15 08:43 B C:\TEMP\main\img111.gif <-- WS_FTP32 /users/sam/public_html/2phase/ALL/main img111.gif
99.12.15 08:43 B C:\TEMP\main\img112.gif <-- WS_FTP32 /users/sam/public_html/2phase/ALL/main img112.gif
99.12.15 08:43 B C:\TEMP\main\img113.gif <-- WS_FTP32 /users/sam/public_html/2phase/ALL/main img113.gif
99.12.15 08:43 B C:\TEMP\main\img114.gif <-- WS_FTP32 /users/sam/public_html/2phase/ALL/main img114.gif
99.12.15 08:43 B C:\TEMP\main\img115.gif <-- WS_FTP32 /users/sam/public_html/2phase/ALL/main img115.gif
99.12.15 08:43 B C:\TEMP\main\img116.gif <-- WS_FTP32 /users/sam/public_html/2phase/ALL/main img116.gif
99.12.15 08:43 B C:\TEMP\main\img117.gif <-- WS_FTP32 /users/sam/public_html/2phase/ALL/main img117.gif
99.12.15 08:43 B C:\TEMP\main\img118.gif <-- WS_FTP32 /users/sam/public_html/2phase/ALL/main img118.gif
99.12.15 08:43 B C:\TEMP\main\img119.gif <-- WS_FTP32 /users/sam/public_html/2phase/ALL/main img119.gif
99.12.15 08:43 B C:\TEMP\main\img12.gif <-- WS_FTP32 /users/sam/public_html/2phase/ALL/main img12.gif
99.12.15 08:43 B C:\TEMP\main\img120.gif <-- WS_FTP32 /users/sam/public_html/2phase/ALL/main img120.gif
99.12.15 08:43 B C:\TEMP\main\img121.gif <-- WS_FTP32 /users/sam/public_html/2phase/ALL/main img121.gif
99.12.15 08:43 B C:\TEMP\main\img122.gif <-- WS_FTP32 /users/sam/public_html/2phase/ALL/main img122.gif
99.12.15 08:43 B C:\TEMP\main\img123.gif <-- WS_FTP32 /users/sam/public_html/2phase/ALL/main img123.gif
99.12.15 08:43 B C:\TEMP\main\img124.gif <-- WS_FTP32 /users/sam/public_html/2phase/ALL/main img124.gif
99.12.15 08:43 B C:\TEMP\main\img125.gif <-- WS_FTP32 /users/sam/public_html/2phase/ALL/main img125.gif
99.12.15 08:43 B C:\TEMP\main\img126.gif <-- WS_FTP32 /users/sam/public_html/2phase/ALL/main img126.gif
99.12.15 08:43 B C:\TEMP\main\img127.gif <-- WS_FTP32 /users/sam/public_html/2phase/ALL/main img127.gif
99.12.15 08:43 B C:\TEMP\main\img128.gif <-- WS_FTP32 /users/sam/public_html/2phase/ALL/main img128.gif
99.12.15 08:43 B C:\TEMP\main\img129.gif <-- WS_FTP32 /users/sam/public_html/2phase/ALL/main img129.gif
99.12.15 08:43 B C:\TEMP\main\img13.gif <-- WS_FTP32 /users/sam/public_html/2phase/ALL/main img13.gif
99.12.15 08:43 B C:\TEMP\main\img130.gif <-- WS_FTP32 /users/sam/public_html/2phase/ALL/main img130.gif
99.12.15 08:43 B C:\TEMP\main\img131.gif <-- WS_FTP32 /users/sam/public_html/2phase/ALL/main img131.gif
99.12.15 08:43 B C:\TEMP\main\img132.gif <-- WS_FTP32 /users/sam/public_html/2phase/ALL/main img132.gif
99.12.15 08:43 B C:\TEMP\main\img133.gif <-- WS_FTP32 /users/sam/public_html/2phase/ALL/main img133.gif
99.12.15 08:43 B C:\TEMP\main\img134.gif <-- WS_FTP32 /users/sam/public_html/2phase/ALL/main img134.gif
99.12.15 08:43 B C:\TEMP\main\img135.gif <-- WS_FTP32 /users/sam/public_html/2phase/ALL/main img135.gif
99.12.15 08:43 B C:\TEMP\main\img136.gif <-- WS_FTP32 /users/sam/public_html/2phase/ALL/main img136.gif
99.12.15 08:43 B C:\TEMP\main\img137.gif <-- WS_FTP32 /users/sam/public_html/2phase/ALL/main img137.gif
99.12.15 08:43 B C:\TEMP\main\img138.gif <-- WS_FTP32 /users/sam/public_html/2phase/ALL/main img138.gif
99.12.15 08:43 B C:\TEMP\main\img139.gif <-- WS_FTP32 /users/sam/public_html/2phase/ALL/main img139.gif
99.12.15 08:43 B C:\TEMP\main\img14.gif <-- WS_FTP32 /users/sam/public_html/2phase/ALL/main img14.gif
99.12.15 08:43 B C:\TEMP\main\img140.gif <-- WS_FTP32 /users/sam/public_html/2phase/ALL/main img140.gif
99.12.15 08:43 B C:\TEMP\main\img141.gif <-- WS_FTP32 /users/sam/public_html/2phase/ALL/main img141.gif
99.12.15 08:43 B C:\TEMP\main\img142.gif <-- WS_FTP32 /users/sam/public_html/2phase/ALL/main img142.gif
99.12.15 08:43 B C:\TEMP\main\img143.gif <-- WS_FTP32 /users/sam/public_html/2phase/ALL/main img143.gif
99.12.15 08:43 B C:\TEMP\main\img144.gif <-- WS_FTP32 /users/sam/public_html/2phase/ALL/main img144.gif
99.12.15 08:43 B C:\TEMP\main\img145.gif <-- WS_FTP32 /users/sam/public_html/2phase/ALL/main img145.gif
99.12.15 08:43 B C:\TEMP\main\img146.gif <-- WS_FTP32 /users/sam/public_html/2phase/ALL/main img146.gif
99.12.15 08:43 B C:\TEMP\main\img147.gif <-- WS_FTP32 /users/sam/public_html/2phase/ALL/main img147.gif
99.12.15 08:43 B C:\TEMP\main\img148.gif <-- WS_FTP32 /users/sam/public_html/2phase/ALL/main img148.gif
99.12.15 08:43 B C:\TEMP\main\img149.gif <-- WS_FTP32 /users/sam/public_html/2phase/ALL/main img149.gif
99.12.15 08:43 B C:\TEMP\main\img15.gif <-- WS_FTP32 /users/sam/public_html/2phase/ALL/main img15.gif
99.12.15 08:43 B C:\TEMP\main\img150.gif <-- WS_FTP32 /users/sam/public_html/2phase/ALL/main img150.gif
99.12.15 08:43 B C:\TEMP\main\img151.gif <-- WS_FTP32 /users/sam/public_html/2phase/ALL/main img151.gif
99.12.15 08:43 B C:\TEMP\main\img152.gif <-- WS_FTP32 /users/sam/public_html/2phase/ALL/main img152.gif
99.12.15 08:43 B C:\TEMP\main\img153.gif <-- WS_FTP32 /users/sam/public_html/2phase/ALL/main img153.gif
99.12.15 08:43 B C:\TEMP\main\img154.gif <-- WS_FTP32 /users/sam/public_html/2phase/ALL/main img154.gif
99.12.15 08:43 B C:\TEMP\main\img155.gif <-- WS_FTP32 /users/sam/public_html/2phase/ALL/main img155.gif
99.12.15 08:43 B C:\TEMP\main\img156.gif <-- WS_FTP32 /users/sam/public_html/2phase/ALL/main img156.gif
99.12.15 08:43 B C:\TEMP\main\img157.gif <-- WS_FTP32 /users/sam/public_html/2phase/ALL/main img157.gif
99.12.15 08:43 B C:\TEMP\main\img158.gif <-- WS_FTP32 /users/sam/public_html/2phase/ALL/main img158.gif
99.12.15 08:43 B C:\TEMP\main\img159.gif <-- WS_FTP32 /users/sam/public_html/2phase/ALL/main img159.gif
99.12.15 08:43 B C:\TEMP\main\img16.gif <-- WS_FTP32 /users/sam/public_html/2phase/ALL/main img16.gif
99.12.15 08:43 B C:\TEMP\main\img160.gif <-- WS_FTP32 /users/sam/public_html/2phase/ALL/main img160.gif
99.12.15 08:43 B C:\TEMP\main\img161.gif <-- WS_FTP32 /users/sam/public_html/2phase/ALL/main img161.gif
99.12.15 08:43 B C:\TEMP\main\img162.gif <-- WS_FTP32 /users/sam/public_html/2phase/ALL/main img162.gif
99.12.15 08:43 B C:\TEMP\main\img163.gif <-- WS_FTP32 /users/sam/public_html/2phase/ALL/main img163.gif
99.12.15 08:43 B C:\TEMP\main\img164.gif <-- WS_FTP32 /users/sam/public_html/2phase/ALL/main img164.gif
99.12.15 08:43 B C:\TEMP\main\img165.gif <-- WS_FTP32 /users/sam/public_html/2phase/ALL/main img165.gif
99.12.15 08:43 B C:\TEMP\main\img166.gif <-- WS_FTP32 /users/sam/public_html/2phase/ALL/main img166.gif
99.12.15 08:43 B C:\TEMP\main\img167.gif <-- WS_FTP32 /users/sam/public_html/2phase/ALL/main img167.gif
99.12.15 08:43 B C:\TEMP\main\img168.gif <-- WS_FTP32 /users/sam/public_html/2phase/ALL/main img168.gif
99.12.15 08:43 B C:\TEMP\main\img169.gif <-- WS_FTP32 /users/sam/public_html/2phase/ALL/main img169.gif
99.12.15 08:43 B C:\TEMP\main\img17.gif <-- WS_FTP32 /users/sam/public_html/2phase/ALL/main img17.gif
99.12.15 08:43 B C:\TEMP\main\img170.gif <-- WS_FTP32 /users/sam/public_html/2phase/ALL/main img170.gif
99.12.15 08:43 B C:\TEMP\main\img171.gif <-- WS_FTP32 /users/sam/public_html/2phase/ALL/main img171.gif
99.12.15 08:43 B C:\TEMP\main\img172.gif <-- WS_FTP32 /users/sam/public_html/2phase/ALL/main img172.gif
99.12.15 08:43 B C:\TEMP\main\img173.gif <-- WS_FTP32 /users/sam/public_html/2phase/ALL/main img173.gif
99.12.15 08:43 B C:\TEMP\main\img174.gif <-- WS_FTP32 /users/sam/public_html/2phase/ALL/main img174.gif
99.12.15 08:43 B C:\TEMP\main\img175.gif <-- WS_FTP32 /users/sam/public_html/2phase/ALL/main img175.gif
99.12.15 08:43 B C:\TEMP\main\img176.gif <-- WS_FTP32 /users/sam/public_html/2phase/ALL/main img176.gif
99.12.15 08:43 B C:\TEMP\main\img177.gif <-- WS_FTP32 /users/sam/public_html/2phase/ALL/main img177.gif
99.12.15 08:43 B C:\TEMP\main\img178.gif <-- WS_FTP32 /users/sam/public_html/2phase/ALL/main img178.gif
99.12.15 08:43 B C:\TEMP\main\img179.gif <-- WS_FTP32 /users/sam/public_html/2phase/ALL/main img179.gif
99.12.15 08:43 B C:\TEMP\main\img18.gif <-- WS_FTP32 /users/sam/public_html/2phase/ALL/main img18.gif
99.12.15 08:43 B C:\TEMP\main\img180.gif <-- WS_FTP32 /users/sam/public_html/2phase/ALL/main img180.gif
99.12.15 08:43 B C:\TEMP\main\img181.gif <-- WS_FTP32 /users/sam/public_html/2phase/ALL/main img181.gif
99.12.15 08:43 B C:\TEMP\main\img182.gif <-- WS_FTP32 /users/sam/public_html/2phase/ALL/main img182.gif
99.12.15 08:43 B C:\TEMP\main\img183.gif <-- WS_FTP32 /users/sam/public_html/2phase/ALL/main img183.gif
99.12.15 08:43 B C:\TEMP\main\img184.gif <-- WS_FTP32 /users/sam/public_html/2phase/ALL/main img184.gif
99.12.15 08:43 B C:\TEMP\main\img185.gif <-- WS_FTP32 /users/sam/public_html/2phase/ALL/main img185.gif
99.12.15 08:43 B C:\TEMP\main\img186.gif <-- WS_FTP32 /users/sam/public_html/2phase/ALL/main img186.gif
99.12.15 08:43 B C:\TEMP\main\img187.gif <-- WS_FTP32 /users/sam/public_html/2phase/ALL/main img187.gif
99.12.15 08:43 B C:\TEMP\main\img188.gif <-- WS_FTP32 /users/sam/public_html/2phase/ALL/main img188.gif
99.12.15 08:43 B C:\TEMP\main\img189.gif <-- WS_FTP32 /users/sam/public_html/2phase/ALL/main img189.gif
99.12.15 08:43 B C:\TEMP\main\img19.gif <-- WS_FTP32 /users/sam/public_html/2phase/ALL/main img19.gif
99.12.15 08:43 B C:\TEMP\main\img190.gif <-- WS_FTP32 /users/sam/public_html/2phase/ALL/main img190.gif
99.12.15 08:43 B C:\TEMP\main\img191.gif <-- WS_FTP32 /users/sam/public_html/2phase/ALL/main img191.gif
99.12.15 08:43 B C:\TEMP\main\img192.gif <-- WS_FTP32 /users/sam/public_html/2phase/ALL/main img192.gif
99.12.15 08:43 B C:\TEMP\main\img193.gif <-- WS_FTP32 /users/sam/public_html/2phase/ALL/main img193.gif
99.12.15 08:43 B C:\TEMP\main\img194.gif <-- WS_FTP32 /users/sam/public_html/2phase/ALL/main img194.gif
99.12.15 08:43 B C:\TEMP\main\img195.gif <-- WS_FTP32 /users/sam/public_html/2phase/ALL/main img195.gif
99.12.15 08:43 B C:\TEMP\main\img196.gif <-- WS_FTP32 /users/sam/public_html/2phase/ALL/main img196.gif
99.12.15 08:43 B C:\TEMP\main\img197.gif <-- WS_FTP32 /users/sam/public_html/2phase/ALL/main img197.gif
99.12.15 08:43 B C:\TEMP\main\img198.gif <-- WS_FTP32 /users/sam/public_html/2phase/ALL/main img198.gif
99.12.15 08:43 B C:\TEMP\main\img199.gif <-- WS_FTP32 /users/sam/public_html/2phase/ALL/main img199.gif
99.12.15 08:43 B C:\TEMP\main\img2.gif <-- WS_FTP32 /users/sam/public_html/2phase/ALL/main img2.gif
99.12.15 08:43 B C:\TEMP\main\img2.old <-- WS_FTP32 /users/sam/public_html/2phase/ALL/main img2.old
99.12.15 08:43 B C:\TEMP\main\img20.gif <-- WS_FTP32 /users/sam/public_html/2phase/ALL/main img20.gif
99.12.15 08:43 B C:\TEMP\main\img200.gif <-- WS_FTP32 /users/sam/public_html/2phase/ALL/main img200.gif
99.12.15 08:43 B C:\TEMP\main\img201.gif <-- WS_FTP32 /users/sam/public_html/2phase/ALL/main img201.gif
99.12.15 08:43 B C:\TEMP\main\img202.gif <-- WS_FTP32 /users/sam/public_html/2phase/ALL/main img202.gif
99.12.15 08:43 B C:\TEMP\main\img203.gif <-- WS_FTP32 /users/sam/public_html/2phase/ALL/main img203.gif
99.12.15 08:43 B C:\TEMP\main\img204.gif <-- WS_FTP32 /users/sam/public_html/2phase/ALL/main img204.gif
99.12.15 08:43 B C:\TEMP\main\img205.gif <-- WS_FTP32 /users/sam/public_html/2phase/ALL/main img205.gif
99.12.15 08:43 B C:\TEMP\main\img206.gif <-- WS_FTP32 /users/sam/public_html/2phase/ALL/main img206.gif
99.12.15 08:43 B C:\TEMP\main\img207.gif <-- WS_FTP32 /users/sam/public_html/2phase/ALL/main img207.gif
99.12.15 08:43 B C:\TEMP\main\img208.gif <-- WS_FTP32 /users/sam/public_html/2phase/ALL/main img208.gif
99.12.15 08:43 B C:\TEMP\main\img209.gif <-- WS_FTP32 /users/sam/public_html/2phase/ALL/main img209.gif
99.12.15 08:43 B C:\TEMP\main\img20new.gif <-- WS_FTP32 /users/sam/public_html/2phase/ALL/main img20new.gif
99.12.15 08:43 B C:\TEMP\main\img21.gif <-- WS_FTP32 /users/sam/public_html/2phase/ALL/main img21.gif
99.12.15 08:43 B C:\TEMP\main\img21.old <-- WS_FTP32 /users/sam/public_html/2phase/ALL/main img21.old
99.12.15 08:43 B C:\TEMP\main\img210.gif <-- WS_FTP32 /users/sam/public_html/2phase/ALL/main img210.gif
99.12.15 08:43 B C:\TEMP\main\img211.gif <-- WS_FTP32 /users/sam/public_html/2phase/ALL/main img211.gif
99.12.15 08:43 B C:\TEMP\main\img212.gif <-- WS_FTP32 /users/sam/public_html/2phase/ALL/main img212.gif
99.12.15 08:43 B C:\TEMP\main\img213.gif <-- WS_FTP32 /users/sam/public_html/2phase/ALL/main img213.gif
99.12.15 08:43 B C:\TEMP\main\img214.gif <-- WS_FTP32 /users/sam/public_html/2phase/ALL/main img214.gif
99.12.15 08:43 B C:\TEMP\main\img215.gif <-- WS_FTP32 /users/sam/public_html/2phase/ALL/main img215.gif
99.12.15 08:43 B C:\TEMP\main\img216.gif <-- WS_FTP32 /users/sam/public_html/2phase/ALL/main img216.gif
99.12.15 08:43 B C:\TEMP\main\img217.gif <-- WS_FTP32 /users/sam/public_html/2phase/ALL/main img217.gif
99.12.15 08:43 B C:\TEMP\main\img218.gif <-- WS_FTP32 /users/sam/public_html/2phase/ALL/main img218.gif
99.12.15 08:43 B C:\TEMP\main\img219.gif <-- WS_FTP32 /users/sam/public_html/2phase/ALL/main img219.gif
99.12.15 08:43 B C:\TEMP\main\img21new.gif <-- WS_FTP32 /users/sam/public_html/2phase/ALL/main img21new.gif
99.12.15 08:43 B C:\TEMP\main\img22.gif <-- WS_FTP32 /users/sam/public_html/2phase/ALL/main img22.gif
99.12.15 08:43 B C:\TEMP\main\img22.old <-- WS_FTP32 /users/sam/public_html/2phase/ALL/main img22.old
99.12.15 08:43 B C:\TEMP\main\img220.gif <-- WS_FTP32 /users/sam/public_html/2phase/ALL/main img220.gif
99.12.15 08:43 B C:\TEMP\main\img221.gif <-- WS_FTP32 /users/sam/public_html/2phase/ALL/main img221.gif
99.12.15 08:43 B C:\TEMP\main\img222.gif <-- WS_FTP32 /users/sam/public_html/2phase/ALL/main img222.gif
99.12.15 08:43 B C:\TEMP\main\img223.gif <-- WS_FTP32 /users/sam/public_html/2phase/ALL/main img223.gif
99.12.15 08:43 B C:\TEMP\main\img224.gif <-- WS_FTP32 /users/sam/public_html/2phase/ALL/main img224.gif
99.12.15 08:43 B C:\TEMP\main\img225.gif <-- WS_FTP32 /users/sam/public_html/2phase/ALL/main img225.gif
99.12.15 08:43 B C:\TEMP\main\img226.gif <-- WS_FTP32 /users/sam/public_html/2phase/ALL/main img226.gif
99.12.15 08:43 B C:\TEMP\main\img227.gif <-- WS_FTP32 /users/sam/public_html/2phase/ALL/main img227.gif
99.12.15 08:43 B C:\TEMP\main\img228.gif <-- WS_FTP32 /users/sam/public_html/2phase/ALL/main img228.gif
99.12.15 08:43 B C:\TEMP\main\img229.gif <-- WS_FTP32 /users/sam/public_html/2phase/ALL/main img229.gif
99.12.15 08:43 B C:\TEMP\main\img22new.gif <-- WS_FTP32 /users/sam/public_html/2phase/ALL/main img22new.gif
99.12.15 08:43 B C:\TEMP\main\img23.gif <-- WS_FTP32 /users/sam/public_html/2phase/ALL/main img23.gif
99.12.15 08:43 B C:\TEMP\main\img23.old <-- WS_FTP32 /users/sam/public_html/2phase/ALL/main img23.old
99.12.15 08:43 B C:\TEMP\main\img230.gif <-- WS_FTP32 /users/sam/public_html/2phase/ALL/main img230.gif
99.12.15 08:43 B C:\TEMP\main\img231.gif <-- WS_FTP32 /users/sam/public_html/2phase/ALL/main img231.gif
99.12.15 08:43 B C:\TEMP\main\img232.gif <-- WS_FTP32 /users/sam/public_html/2phase/ALL/main img232.gif
99.12.15 08:43 B C:\TEMP\main\img233.gif <-- WS_FTP32 /users/sam/public_html/2phase/ALL/main img233.gif
99.12.15 08:43 B C:\TEMP\main\img234.gif <-- WS_FTP32 /users/sam/public_html/2phase/ALL/main img234.gif
99.12.15 08:43 B C:\TEMP\main\img235.gif <-- WS_FTP32 /users/sam/public_html/2phase/ALL/main img235.gif
99.12.15 08:43 B C:\TEMP\main\img236.gif <-- WS_FTP32 /users/sam/public_html/2phase/ALL/main img236.gif
99.12.15 08:43 B C:\TEMP\main\img237.gif <-- WS_FTP32 /users/sam/public_html/2phase/ALL/main img237.gif
99.12.15 08:43 B C:\TEMP\main\img238.gif <-- WS_FTP32 /users/sam/public_html/2phase/ALL/main img238.gif
99.12.15 08:43 B C:\TEMP\main\img239.gif <-- WS_FTP32 /users/sam/public_html/2phase/ALL/main img239.gif
99.12.15 08:43 B C:\TEMP\main\img23new.gif <-- WS_FTP32 /users/sam/public_html/2phase/ALL/main img23new.gif
99.12.15 08:43 B C:\TEMP\main\img24.gif <-- WS_FTP32 /users/sam/public_html/2phase/ALL/main img24.gif
99.12.15 08:43 B C:\TEMP\main\img240.gif <-- WS_FTP32 /users/sam/public_html/2phase/ALL/main img240.gif
99.12.15 08:43 B C:\TEMP\main\img241.gif <-- WS_FTP32 /users/sam/public_html/2phase/ALL/main img241.gif
99.12.15 08:43 B C:\TEMP\main\img242.gif <-- WS_FTP32 /users/sam/public_html/2phase/ALL/main img242.gif
99.12.15 08:43 B C:\TEMP\main\img243.gif <-- WS_FTP32 /users/sam/public_html/2phase/ALL/main img243.gif
99.12.15 08:43 B C:\TEMP\main\img244.gif <-- WS_FTP32 /users/sam/public_html/2phase/ALL/main img244.gif
99.12.15 08:43 B C:\TEMP\main\img245.gif <-- WS_FTP32 /users/sam/public_html/2phase/ALL/main img245.gif
99.12.15 08:43 B C:\TEMP\main\img246.gif <-- WS_FTP32 /users/sam/public_html/2phase/ALL/main img246.gif
99.12.15 08:43 B C:\TEMP\main\img247.gif <-- WS_FTP32 /users/sam/public_html/2phase/ALL/main img247.gif
99.12.15 08:43 B C:\TEMP\main\img248.gif <-- WS_FTP32 /users/sam/public_html/2phase/ALL/main img248.gif
99.12.15 08:43 B C:\TEMP\main\img249.gif <-- WS_FTP32 /users/sam/public_html/2phase/ALL/main img249.gif
99.12.15 08:43 B C:\TEMP\main\img25.gif <-- WS_FTP32 /users/sam/public_html/2phase/ALL/main img25.gif
99.12.15 08:43 B C:\TEMP\main\img250.gif <-- WS_FTP32 /users/sam/public_html/2phase/ALL/main img250.gif
99.12.15 08:43 B C:\TEMP\main\img251.gif <-- WS_FTP32 /users/sam/public_html/2phase/ALL/main img251.gif
99.12.15 08:43 B C:\TEMP\main\img252.gif <-- WS_FTP32 /users/sam/public_html/2phase/ALL/main img252.gif
99.12.15 08:43 B C:\TEMP\main\img253.gif <-- WS_FTP32 /users/sam/public_html/2phase/ALL/main img253.gif
99.12.15 08:43 B C:\TEMP\main\img254.gif <-- WS_FTP32 /users/sam/public_html/2phase/ALL/main img254.gif
99.12.15 08:43 B C:\TEMP\main\img255.gif <-- WS_FTP32 /users/sam/public_html/2phase/ALL/main img255.gif
99.12.15 08:43 B C:\TEMP\main\img256.gif <-- WS_FTP32 /users/sam/public_html/2phase/ALL/main img256.gif
99.12.15 08:43 B C:\TEMP\main\img257.gif <-- WS_FTP32 /users/sam/public_html/2phase/ALL/main img257.gif
99.12.15 08:44 B C:\TEMP\main\img258.gif <-- WS_FTP32 /users/sam/public_html/2phase/ALL/main img258.gif
99.12.15 08:44 B C:\TEMP\main\img259.gif <-- WS_FTP32 /users/sam/public_html/2phase/ALL/main img259.gif
99.12.15 08:44 B C:\TEMP\main\img26.gif <-- WS_FTP32 /users/sam/public_html/2phase/ALL/main img26.gif
99.12.15 08:44 B C:\TEMP\main\img260.gif <-- WS_FTP32 /users/sam/public_html/2phase/ALL/main img260.gif
99.12.15 08:44 B C:\TEMP\main\img261.gif <-- WS_FTP32 /users/sam/public_html/2phase/ALL/main img261.gif
99.12.15 08:44 B C:\TEMP\main\img262.gif <-- WS_FTP32 /users/sam/public_html/2phase/ALL/main img262.gif
99.12.15 08:44 B C:\TEMP\main\img263.gif <-- WS_FTP32 /users/sam/public_html/2phase/ALL/main img263.gif
99.12.15 08:44 B C:\TEMP\main\img264.gif <-- WS_FTP32 /users/sam/public_html/2phase/ALL/main img264.gif
99.12.15 08:44 B C:\TEMP\main\img265.gif <-- WS_FTP32 /users/sam/public_html/2phase/ALL/main img265.gif
99.12.15 08:44 B C:\TEMP\main\img266.gif <-- WS_FTP32 /users/sam/public_html/2phase/ALL/main img266.gif
99.12.15 08:44 B C:\TEMP\main\img267.gif <-- WS_FTP32 /users/sam/public_html/2phase/ALL/main img267.gif
99.12.15 08:44 B C:\TEMP\main\img268.gif <-- WS_FTP32 /users/sam/public_html/2phase/ALL/main img268.gif
99.12.15 08:44 B C:\TEMP\main\img269.gif <-- WS_FTP32 /users/sam/public_html/2phase/ALL/main img269.gif
99.12.15 08:44 B C:\TEMP\main\img27.gif <-- WS_FTP32 /users/sam/public_html/2phase/ALL/main img27.gif
99.12.15 08:44 B C:\TEMP\main\img270.gif <-- WS_FTP32 /users/sam/public_html/2phase/ALL/main img270.gif
99.12.15 08:44 B C:\TEMP\main\img271.gif <-- WS_FTP32 /users/sam/public_html/2phase/ALL/main img271.gif
99.12.15 08:44 B C:\TEMP\main\img272.gif <-- WS_FTP32 /users/sam/public_html/2phase/ALL/main img272.gif
99.12.15 08:44 B C:\TEMP\main\img273.gif <-- WS_FTP32 /users/sam/public_html/2phase/ALL/main img273.gif
99.12.15 08:44 B C:\TEMP\main\img274.gif <-- WS_FTP32 /users/sam/public_html/2phase/ALL/main img274.gif
99.12.15 08:44 B C:\TEMP\main\img275.gif <-- WS_FTP32 /users/sam/public_html/2phase/ALL/main img275.gif
99.12.15 08:44 B C:\TEMP\main\img276.gif <-- WS_FTP32 /users/sam/public_html/2phase/ALL/main img276.gif
99.12.15 08:44 B C:\TEMP\main\img277.gif <-- WS_FTP32 /users/sam/public_html/2phase/ALL/main img277.gif
99.12.15 08:44 B C:\TEMP\main\img278.gif <-- WS_FTP32 /users/sam/public_html/2phase/ALL/main img278.gif
99.12.15 08:44 B C:\TEMP\main\img279.gif <-- WS_FTP32 /users/sam/public_html/2phase/ALL/main img279.gif
99.12.15 08:44 B C:\TEMP\main\img28.gif <-- WS_FTP32 /users/sam/public_html/2phase/ALL/main img28.gif
99.12.15 08:44 B C:\TEMP\main\img280.gif <-- WS_FTP32 /users/sam/public_html/2phase/ALL/main img280.gif
99.12.15 08:44 B C:\TEMP\main\img281.gif <-- WS_FTP32 /users/sam/public_html/2phase/ALL/main img281.gif
99.12.15 08:44 B C:\TEMP\main\img282.gif <-- WS_FTP32 /users/sam/public_html/2phase/ALL/main img282.gif
99.12.15 08:44 B C:\TEMP\main\img283.gif <-- WS_FTP32 /users/sam/public_html/2phase/ALL/main img283.gif
99.12.15 08:44 B C:\TEMP\main\img284.gif <-- WS_FTP32 /users/sam/public_html/2phase/ALL/main img284.gif
99.12.15 08:44 B C:\TEMP\main\img285.gif <-- WS_FTP32 /users/sam/public_html/2phase/ALL/main img285.gif
99.12.15 08:44 B C:\TEMP\main\img286.gif <-- WS_FTP32 /users/sam/public_html/2phase/ALL/main img286.gif
99.12.15 08:44 B C:\TEMP\main\img287.gif <-- WS_FTP32 /users/sam/public_html/2phase/ALL/main img287.gif
99.12.15 08:44 B C:\TEMP\main\img288.gif <-- WS_FTP32 /users/sam/public_html/2phase/ALL/main img288.gif
99.12.15 08:44 B C:\TEMP\main\img289.gif <-- WS_FTP32 /users/sam/public_html/2phase/ALL/main img289.gif
99.12.15 08:44 B C:\TEMP\main\img29.gif <-- WS_FTP32 /users/sam/public_html/2phase/ALL/main img29.gif
99.12.15 08:44 B C:\TEMP\main\img290.gif <-- WS_FTP32 /users/sam/public_html/2phase/ALL/main img290.gif
99.12.15 08:44 B C:\TEMP\main\img291.gif <-- WS_FTP32 /users/sam/public_html/2phase/ALL/main img291.gif
99.12.15 08:44 B C:\TEMP\main\img292.gif <-- WS_FTP32 /users/sam/public_html/2phase/ALL/main img292.gif
99.12.15 08:44 B C:\TEMP\main\img293.gif <-- WS_FTP32 /users/sam/public_html/2phase/ALL/main img293.gif
99.12.15 08:44 B C:\TEMP\main\img294.gif <-- WS_FTP32 /users/sam/public_html/2phase/ALL/main img294.gif
99.12.15 08:44 B C:\TEMP\main\img295.gif <-- WS_FTP32 /users/sam/public_html/2phase/ALL/main img295.gif
99.12.15 08:44 B C:\TEMP\main\img296.gif <-- WS_FTP32 /users/sam/public_html/2phase/ALL/main img296.gif
99.12.15 08:44 B C:\TEMP\main\img297.gif <-- WS_FTP32 /users/sam/public_html/2phase/ALL/main img297.gif
99.12.15 08:44 B C:\TEMP\main\img298.gif <-- WS_FTP32 /users/sam/public_html/2phase/ALL/main img298.gif
99.12.15 08:44 B C:\TEMP\main\img299.gif <-- WS_FTP32 /users/sam/public_html/2phase/ALL/main img299.gif
99.12.15 08:44 B C:\TEMP\main\img3.gif <-- WS_FTP32 /users/sam/public_html/2phase/ALL/main img3.gif
99.12.15 08:44 B C:\TEMP\main\img30.gif <-- WS_FTP32 /users/sam/public_html/2phase/ALL/main img30.gif
99.12.15 08:44 B C:\TEMP\main\img300.gif <-- WS_FTP32 /users/sam/public_html/2phase/ALL/main img300.gif
99.12.15 08:44 B C:\TEMP\main\img301.gif <-- WS_FTP32 /users/sam/public_html/2phase/ALL/main img301.gif
99.12.15 08:44 B C:\TEMP\main\img302.gif <-- WS_FTP32 /users/sam/public_html/2phase/ALL/main img302.gif
99.12.15 08:44 B C:\TEMP\main\img303.gif <-- WS_FTP32 /users/sam/public_html/2phase/ALL/main img303.gif
99.12.15 08:44 B C:\TEMP\main\img304.gif <-- WS_FTP32 /users/sam/public_html/2phase/ALL/main img304.gif
99.12.15 08:44 B C:\TEMP\main\img305.gif <-- WS_FTP32 /users/sam/public_html/2phase/ALL/main img305.gif
99.12.15 08:44 B C:\TEMP\main\img306.gif <-- WS_FTP32 /users/sam/public_html/2phase/ALL/main img306.gif
99.12.15 08:44 B C:\TEMP\main\img307.gif <-- WS_FTP32 /users/sam/public_html/2phase/ALL/main img307.gif
99.12.15 08:44 B C:\TEMP\main\img308.gif <-- WS_FTP32 /users/sam/public_html/2phase/ALL/main img308.gif
99.12.15 08:44 B C:\TEMP\main\img309.gif <-- WS_FTP32 /users/sam/public_html/2phase/ALL/main img309.gif
99.12.15 08:44 B C:\TEMP\main\img31.gif <-- WS_FTP32 /users/sam/public_html/2phase/ALL/main img31.gif
99.12.15 08:44 B C:\TEMP\main\img310.gif <-- WS_FTP32 /users/sam/public_html/2phase/ALL/main img310.gif
99.12.15 08:44 B C:\TEMP\main\img311.gif <-- WS_FTP32 /users/sam/public_html/2phase/ALL/main img311.gif
99.12.15 08:44 B C:\TEMP\main\img312.gif <-- WS_FTP32 /users/sam/public_html/2phase/ALL/main img312.gif
99.12.15 08:44 B C:\TEMP\main\img313.gif <-- WS_FTP32 /users/sam/public_html/2phase/ALL/main img313.gif
99.12.15 08:44 B C:\TEMP\main\img314.gif <-- WS_FTP32 /users/sam/public_html/2phase/ALL/main img314.gif
99.12.15 08:44 B C:\TEMP\main\img315.gif <-- WS_FTP32 /users/sam/public_html/2phase/ALL/main img315.gif
99.12.15 08:44 B C:\TEMP\main\img316.gif <-- WS_FTP32 /users/sam/public_html/2phase/ALL/main img316.gif
99.12.15 08:44 B C:\TEMP\main\img317.gif <-- WS_FTP32 /users/sam/public_html/2phase/ALL/main img317.gif
99.12.15 08:44 B C:\TEMP\main\img318.gif <-- WS_FTP32 /users/sam/public_html/2phase/ALL/main img318.gif
99.12.15 08:44 B C:\TEMP\main\img319.gif <-- WS_FTP32 /users/sam/public_html/2phase/ALL/main img319.gif
99.12.15 08:44 B C:\TEMP\main\img32.gif <-- WS_FTP32 /users/sam/public_html/2phase/ALL/main img32.gif
99.12.15 08:44 B C:\TEMP\main\img320.gif <-- WS_FTP32 /users/sam/public_html/2phase/ALL/main img320.gif
99.12.15 08:44 B C:\TEMP\main\img321.gif <-- WS_FTP32 /users/sam/public_html/2phase/ALL/main img321.gif
99.12.15 08:44 B C:\TEMP\main\img322.gif <-- WS_FTP32 /users/sam/public_html/2phase/ALL/main img322.gif
99.12.15 08:44 B C:\TEMP\main\img323.gif <-- WS_FTP32 /users/sam/public_html/2phase/ALL/main img323.gif
99.12.15 08:44 B C:\TEMP\main\img324.gif <-- WS_FTP32 /users/sam/public_html/2phase/ALL/main img324.gif
99.12.15 08:44 B C:\TEMP\main\img325.gif <-- WS_FTP32 /users/sam/public_html/2phase/ALL/main img325.gif
99.12.15 08:44 B C:\TEMP\main\img326.gif <-- WS_FTP32 /users/sam/public_html/2phase/ALL/main img326.gif
99.12.15 08:44 B C:\TEMP\main\img327.gif <-- WS_FTP32 /users/sam/public_html/2phase/ALL/main img327.gif
99.12.15 08:44 B C:\TEMP\main\img328.gif <-- WS_FTP32 /users/sam/public_html/2phase/ALL/main img328.gif
99.12.15 08:44 B C:\TEMP\main\img329.gif <-- WS_FTP32 /users/sam/public_html/2phase/ALL/main img329.gif
99.12.15 08:44 B C:\TEMP\main\img33.gif <-- WS_FTP32 /users/sam/public_html/2phase/ALL/main img33.gif
99.12.15 08:44 B C:\TEMP\main\img330.gif <-- WS_FTP32 /users/sam/public_html/2phase/ALL/main img330.gif
99.12.15 08:44 B C:\TEMP\main\img331.gif <-- WS_FTP32 /users/sam/public_html/2phase/ALL/main img331.gif
99.12.15 08:44 B C:\TEMP\main\img332.gif <-- WS_FTP32 /users/sam/public_html/2phase/ALL/main img332.gif
99.12.15 08:44 B C:\TEMP\main\img333.gif <-- WS_FTP32 /users/sam/public_html/2phase/ALL/main img333.gif
99.12.15 08:44 B C:\TEMP\main\img334.gif <-- WS_FTP32 /users/sam/public_html/2phase/ALL/main img334.gif
99.12.15 08:44 B C:\TEMP\main\img335.gif <-- WS_FTP32 /users/sam/public_html/2phase/ALL/main img335.gif
99.12.15 08:44 B C:\TEMP\main\img336.gif <-- WS_FTP32 /users/sam/public_html/2phase/ALL/main img336.gif
99.12.15 08:44 B C:\TEMP\main\img337.gif <-- WS_FTP32 /users/sam/public_html/2phase/ALL/main img337.gif
99.12.15 08:44 B C:\TEMP\main\img338.gif <-- WS_FTP32 /users/sam/public_html/2phase/ALL/main img338.gif
99.12.15 08:44 B C:\TEMP\main\img339.gif <-- WS_FTP32 /users/sam/public_html/2phase/ALL/main img339.gif
99.12.15 08:44 B C:\TEMP\main\img34.gif <-- WS_FTP32 /users/sam/public_html/2phase/ALL/main img34.gif
99.12.15 08:44 B C:\TEMP\main\img340.gif <-- WS_FTP32 /users/sam/public_html/2phase/ALL/main img340.gif
99.12.15 08:44 B C:\TEMP\main\img341.gif <-- WS_FTP32 /users/sam/public_html/2phase/ALL/main img341.gif
99.12.15 08:44 B C:\TEMP\main\img342.gif <-- WS_FTP32 /users/sam/public_html/2phase/ALL/main img342.gif
99.12.15 08:44 B C:\TEMP\main\img343.gif <-- WS_FTP32 /users/sam/public_html/2phase/ALL/main img343.gif
99.12.15 08:44 B C:\TEMP\main\img344.gif <-- WS_FTP32 /users/sam/public_html/2phase/ALL/main img344.gif
99.12.15 08:44 B C:\TEMP\main\img345.gif <-- WS_FTP32 /users/sam/public_html/2phase/ALL/main img345.gif
99.12.15 08:44 B C:\TEMP\main\img346.gif <-- WS_FTP32 /users/sam/public_html/2phase/ALL/main img346.gif
99.12.15 08:44 B C:\TEMP\main\img347.gif <-- WS_FTP32 /users/sam/public_html/2phase/ALL/main img347.gif
99.12.15 08:44 B C:\TEMP\main\img348.gif <-- WS_FTP32 /users/sam/public_html/2phase/ALL/main img348.gif
99.12.15 08:44 B C:\TEMP\main\img349.gif <-- WS_FTP32 /users/sam/public_html/2phase/ALL/main img349.gif
99.12.15 08:44 B C:\TEMP\main\img35.gif <-- WS_FTP32 /users/sam/public_html/2phase/ALL/main img35.gif
99.12.15 08:44 B C:\TEMP\main\img350.gif <-- WS_FTP32 /users/sam/public_html/2phase/ALL/main img350.gif
99.12.15 08:44 B C:\TEMP\main\img351.gif <-- WS_FTP32 /users/sam/public_html/2phase/ALL/main img351.gif
99.12.15 08:44 B C:\TEMP\main\img352.gif <-- WS_FTP32 /users/sam/public_html/2phase/ALL/main img352.gif
99.12.15 08:44 B C:\TEMP\main\img353.gif <-- WS_FTP32 /users/sam/public_html/2phase/ALL/main img353.gif
99.12.15 08:44 B C:\TEMP\main\img354.gif <-- WS_FTP32 /users/sam/public_html/2phase/ALL/main img354.gif
99.12.15 08:44 B C:\TEMP\main\img355.gif <-- WS_FTP32 /users/sam/public_html/2phase/ALL/main img355.gif
99.12.15 08:44 B C:\TEMP\main\img356.gif <-- WS_FTP32 /users/sam/public_html/2phase/ALL/main img356.gif
99.12.15 08:44 B C:\TEMP\main\img357.gif <-- WS_FTP32 /users/sam/public_html/2phase/ALL/main img357.gif
99.12.15 08:44 B C:\TEMP\main\img358.gif <-- WS_FTP32 /users/sam/public_html/2phase/ALL/main img358.gif
99.12.15 08:44 B C:\TEMP\main\img36.gif <-- WS_FTP32 /users/sam/public_html/2phase/ALL/main img36.gif
99.12.15 08:44 B C:\TEMP\main\img360.gif <-- WS_FTP32 /users/sam/public_html/2phase/ALL/main img360.gif
99.12.15 08:44 B C:\TEMP\main\img361.gif <-- WS_FTP32 /users/sam/public_html/2phase/ALL/main img361.gif
99.12.15 08:44 B C:\TEMP\main\img362.gif <-- WS_FTP32 /users/sam/public_html/2phase/ALL/main img362.gif
99.12.15 08:44 B C:\TEMP\main\img363.gif <-- WS_FTP32 /users/sam/public_html/2phase/ALL/main img363.gif
99.12.15 08:44 B C:\TEMP\main\img364.gif <-- WS_FTP32 /users/sam/public_html/2phase/ALL/main img364.gif
99.12.15 08:44 B C:\TEMP\main\img365.gif <-- WS_FTP32 /users/sam/public_html/2phase/ALL/main img365.gif
99.12.15 08:44 B C:\TEMP\main\img366.gif <-- WS_FTP32 /users/sam/public_html/2phase/ALL/main img366.gif
99.12.15 08:44 B C:\TEMP\main\img367.gif <-- WS_FTP32 /users/sam/public_html/2phase/ALL/main img367.gif
99.12.15 08:44 B C:\TEMP\main\img368.gif <-- WS_FTP32 /users/sam/public_html/2phase/ALL/main img368.gif
99.12.15 08:44 B C:\TEMP\main\img369.gif <-- WS_FTP32 /users/sam/public_html/2phase/ALL/main img369.gif
99.12.15 08:44 B C:\TEMP\main\img37.gif <-- WS_FTP32 /users/sam/public_html/2phase/ALL/main img37.gif
99.12.15 08:44 B C:\TEMP\main\img370.gif <-- WS_FTP32 /users/sam/public_html/2phase/ALL/main img370.gif
99.12.15 08:44 B C:\TEMP\main\img371.gif <-- WS_FTP32 /users/sam/public_html/2phase/ALL/main img371.gif
99.12.15 08:44 B C:\TEMP\main\img372.gif <-- WS_FTP32 /users/sam/public_html/2phase/ALL/main img372.gif
99.12.15 08:44 B C:\TEMP\main\img373.gif <-- WS_FTP32 /users/sam/public_html/2phase/ALL/main img373.gif
99.12.15 08:44 B C:\TEMP\main\img374.gif <-- WS_FTP32 /users/sam/public_html/2phase/ALL/main img374.gif
99.12.15 08:44 B C:\TEMP\main\img375.gif <-- WS_FTP32 /users/sam/public_html/2phase/ALL/main img375.gif
99.12.15 08:44 B C:\TEMP\main\img376.gif <-- WS_FTP32 /users/sam/public_html/2phase/ALL/main img376.gif
99.12.15 08:44 B C:\TEMP\main\img377.gif <-- WS_FTP32 /users/sam/public_html/2phase/ALL/main img377.gif
99.12.15 08:44 B C:\TEMP\main\img378.gif <-- WS_FTP32 /users/sam/public_html/2phase/ALL/main img378.gif
99.12.15 08:44 B C:\TEMP\main\img379.gif <-- WS_FTP32 /users/sam/public_html/2phase/ALL/main img379.gif
99.12.15 08:44 B C:\TEMP\main\img38.gif <-- WS_FTP32 /users/sam/public_html/2phase/ALL/main img38.gif
99.12.15 08:44 B C:\TEMP\main\img380.gif <-- WS_FTP32 /users/sam/public_html/2phase/ALL/main img380.gif
99.12.15 08:44 B C:\TEMP\main\img381.gif <-- WS_FTP32 /users/sam/public_html/2phase/ALL/main img381.gif
99.12.15 08:44 B C:\TEMP\main\img382.gif <-- WS_FTP32 /users/sam/public_html/2phase/ALL/main img382.gif
99.12.15 08:44 B C:\TEMP\main\img383.gif <-- WS_FTP32 /users/sam/public_html/2phase/ALL/main img383.gif
99.12.15 08:44 B C:\TEMP\main\img384.gif <-- WS_FTP32 /users/sam/public_html/2phase/ALL/main img384.gif
99.12.15 08:44 B C:\TEMP\main\img385.gif <-- WS_FTP32 /users/sam/public_html/2phase/ALL/main img385.gif
99.12.15 08:44 B C:\TEMP\main\img386.gif <-- WS_FTP32 /users/sam/public_html/2phase/ALL/main img386.gif
99.12.15 08:44 B C:\TEMP\main\img387.gif <-- WS_FTP32 /users/sam/public_html/2phase/ALL/main img387.gif
99.12.15 08:44 B C:\TEMP\main\img388.gif <-- WS_FTP32 /users/sam/public_html/2phase/ALL/main img388.gif
99.12.15 08:44 B C:\TEMP\main\img389.gif <-- WS_FTP32 /users/sam/public_html/2phase/ALL/main img389.gif
99.12.15 08:44 B C:\TEMP\main\img39.gif <-- WS_FTP32 /users/sam/public_html/2phase/ALL/main img39.gif
99.12.15 08:44 B C:\TEMP\main\img390.gif <-- WS_FTP32 /users/sam/public_html/2phase/ALL/main img390.gif
99.12.15 08:44 B C:\TEMP\main\img391.gif <-- WS_FTP32 /users/sam/public_html/2phase/ALL/main img391.gif
99.12.15 08:44 B C:\TEMP\main\img392.gif <-- WS_FTP32 /users/sam/public_html/2phase/ALL/main img392.gif
99.12.15 08:44 B C:\TEMP\main\img393.gif <-- WS_FTP32 /users/sam/public_html/2phase/ALL/main img393.gif
99.12.15 08:44 B C:\TEMP\main\img394.gif <-- WS_FTP32 /users/sam/public_html/2phase/ALL/main img394.gif
99.12.15 08:44 B C:\TEMP\main\img395.gif <-- WS_FTP32 /users/sam/public_html/2phase/ALL/main img395.gif
99.12.15 08:44 B C:\TEMP\main\img396.gif <-- WS_FTP32 /users/sam/public_html/2phase/ALL/main img396.gif
99.12.15 08:44 B C:\TEMP\main\img397.gif <-- WS_FTP32 /users/sam/public_html/2phase/ALL/main img397.gif
99.12.15 08:44 B C:\TEMP\main\img398.gif <-- WS_FTP32 /users/sam/public_html/2phase/ALL/main img398.gif
99.12.15 08:44 B C:\TEMP\main\img399.gif <-- WS_FTP32 /users/sam/public_html/2phase/ALL/main img399.gif
99.12.15 08:44 B C:\TEMP\main\img4.gif <-- WS_FTP32 /users/sam/public_html/2phase/ALL/main img4.gif
99.12.15 08:44 B C:\TEMP\main\img40.gif <-- WS_FTP32 /users/sam/public_html/2phase/ALL/main img40.gif
99.12.15 08:44 B C:\TEMP\main\img400.gif <-- WS_FTP32 /users/sam/public_html/2phase/ALL/main img400.gif
99.12.15 08:44 B C:\TEMP\main\img401.gif <-- WS_FTP32 /users/sam/public_html/2phase/ALL/main img401.gif
99.12.15 08:44 B C:\TEMP\main\img402.gif <-- WS_FTP32 /users/sam/public_html/2phase/ALL/main img402.gif
99.12.15 08:44 B C:\TEMP\main\img403.gif <-- WS_FTP32 /users/sam/public_html/2phase/ALL/main img403.gif
99.12.15 08:44 B C:\TEMP\main\img404.gif <-- WS_FTP32 /users/sam/public_html/2phase/ALL/main img404.gif
99.12.15 08:44 B C:\TEMP\main\img405.gif <-- WS_FTP32 /users/sam/public_html/2phase/ALL/main img405.gif
99.12.15 08:44 B C:\TEMP\main\img406.gif <-- WS_FTP32 /users/sam/public_html/2phase/ALL/main img406.gif
99.12.15 08:44 B C:\TEMP\main\img407.gif <-- WS_FTP32 /users/sam/public_html/2phase/ALL/main img407.gif
99.12.15 08:44 B C:\TEMP\main\img408.gif <-- WS_FTP32 /users/sam/public_html/2phase/ALL/main img408.gif
99.12.15 08:44 B C:\TEMP\main\img409.gif <-- WS_FTP32 /users/sam/public_html/2phase/ALL/main img409.gif
99.12.15 08:44 B C:\TEMP\main\img41.gif <-- WS_FTP32 /users/sam/public_html/2phase/ALL/main img41.gif
99.12.15 08:44 B C:\TEMP\main\img410.gif <-- WS_FTP32 /users/sam/public_html/2phase/ALL/main img410.gif
99.12.15 08:44 B C:\TEMP\main\img411.gif <-- WS_FTP32 /users/sam/public_html/2phase/ALL/main img411.gif
99.12.15 08:44 B C:\TEMP\main\img412.gif <-- WS_FTP32 /users/sam/public_html/2phase/ALL/main img412.gif
99.12.15 08:44 B C:\TEMP\main\img413.gif <-- WS_FTP32 /users/sam/public_html/2phase/ALL/main img413.gif
99.12.15 08:44 B C:\TEMP\main\img414.gif <-- WS_FTP32 /users/sam/public_html/2phase/ALL/main img414.gif
99.12.15 08:44 B C:\TEMP\main\img415.gif <-- WS_FTP32 /users/sam/public_html/2phase/ALL/main img415.gif
99.12.15 08:44 B C:\TEMP\main\img416.gif <-- WS_FTP32 /users/sam/public_html/2phase/ALL/main img416.gif
99.12.15 08:44 B C:\TEMP\main\img417.gif <-- WS_FTP32 /users/sam/public_html/2phase/ALL/main img417.gif
99.12.15 08:44 B C:\TEMP\main\img418.gif <-- WS_FTP32 /users/sam/public_html/2phase/ALL/main img418.gif
99.12.15 08:44 B C:\TEMP\main\img419.gif <-- WS_FTP32 /users/sam/public_html/2phase/ALL/main img419.gif
99.12.15 08:44 B C:\TEMP\main\img42.gif <-- WS_FTP32 /users/sam/public_html/2phase/ALL/main img42.gif
99.12.15 08:44 B C:\TEMP\main\img420.gif <-- WS_FTP32 /users/sam/public_html/2phase/ALL/main img420.gif
99.12.15 08:44 B C:\TEMP\main\img421.gif <-- WS_FTP32 /users/sam/public_html/2phase/ALL/main img421.gif
99.12.15 08:44 B C:\TEMP\main\img422.gif <-- WS_FTP32 /users/sam/public_html/2phase/ALL/main img422.gif
99.12.15 08:44 B C:\TEMP\main\img423.gif <-- WS_FTP32 /users/sam/public_html/2phase/ALL/main img423.gif
99.12.15 08:44 B C:\TEMP\main\img424.gif <-- WS_FTP32 /users/sam/public_html/2phase/ALL/main img424.gif
99.12.15 08:44 B C:\TEMP\main\img425.gif <-- WS_FTP32 /users/sam/public_html/2phase/ALL/main img425.gif
99.12.15 08:44 B C:\TEMP\main\img426.gif <-- WS_FTP32 /users/sam/public_html/2phase/ALL/main img426.gif
99.12.15 08:44 B C:\TEMP\main\img427.gif <-- WS_FTP32 /users/sam/public_html/2phase/ALL/main img427.gif
99.12.15 08:44 B C:\TEMP\main\img428.gif <-- WS_FTP32 /users/sam/public_html/2phase/ALL/main img428.gif
99.12.15 08:44 B C:\TEMP\main\img429.gif <-- WS_FTP32 /users/sam/public_html/2phase/ALL/main img429.gif
99.12.15 08:44 B C:\TEMP\main\img43.gif <-- WS_FTP32 /users/sam/public_html/2phase/ALL/main img43.gif
99.12.15 08:44 B C:\TEMP\main\img430.gif <-- WS_FTP32 /users/sam/public_html/2phase/ALL/main img430.gif
99.12.15 08:44 B C:\TEMP\main\img431.gif <-- WS_FTP32 /users/sam/public_html/2phase/ALL/main img431.gif
99.12.15 08:44 B C:\TEMP\main\img432.gif <-- WS_FTP32 /users/sam/public_html/2phase/ALL/main img432.gif
99.12.15 08:44 B C:\TEMP\main\img433.gif <-- WS_FTP32 /users/sam/public_html/2phase/ALL/main img433.gif
99.12.15 08:44 B C:\TEMP\main\img434.gif <-- WS_FTP32 /users/sam/public_html/2phase/ALL/main img434.gif
99.12.15 08:44 B C:\TEMP\main\img435.gif <-- WS_FTP32 /users/sam/public_html/2phase/ALL/main img435.gif
99.12.15 08:44 B C:\TEMP\main\img436.gif <-- WS_FTP32 /users/sam/public_html/2phase/ALL/main img436.gif
99.12.15 08:44 B C:\TEMP\main\img437.gif <-- WS_FTP32 /users/sam/public_html/2phase/ALL/main img437.gif
99.12.15 08:44 B C:\TEMP\main\img438.gif <-- WS_FTP32 /users/sam/public_html/2phase/ALL/main img438.gif
99.12.15 08:44 B C:\TEMP\main\img439.gif <-- WS_FTP32 /users/sam/public_html/2phase/ALL/main img439.gif
99.12.15 08:44 B C:\TEMP\main\img44.gif <-- WS_FTP32 /users/sam/public_html/2phase/ALL/main img44.gif
99.12.15 08:44 B C:\TEMP\main\img440.gif <-- WS_FTP32 /users/sam/public_html/2phase/ALL/main img440.gif
99.12.15 08:44 B C:\TEMP\main\img441.gif <-- WS_FTP32 /users/sam/public_html/2phase/ALL/main img441.gif
99.12.15 08:44 B C:\TEMP\main\img442.gif <-- WS_FTP32 /users/sam/public_html/2phase/ALL/main img442.gif
99.12.15 08:44 B C:\TEMP\main\img443.gif <-- WS_FTP32 /users/sam/public_html/2phase/ALL/main img443.gif
99.12.15 08:44 B C:\TEMP\main\img444.gif <-- WS_FTP32 /users/sam/public_html/2phase/ALL/main img444.gif
99.12.15 08:44 B C:\TEMP\main\img445.gif <-- WS_FTP32 /users/sam/public_html/2phase/ALL/main img445.gif
99.12.15 08:44 B C:\TEMP\main\img446.gif <-- WS_FTP32 /users/sam/public_html/2phase/ALL/main img446.gif
99.12.15 08:44 B C:\TEMP\main\img447.gif <-- WS_FTP32 /users/sam/public_html/2phase/ALL/main img447.gif
99.12.15 08:44 B C:\TEMP\main\img448.gif <-- WS_FTP32 /users/sam/public_html/2phase/ALL/main img448.gif
99.12.15 08:44 B C:\TEMP\main\img449.gif <-- WS_FTP32 /users/sam/public_html/2phase/ALL/main img449.gif
99.12.15 08:44 B C:\TEMP\main\img45.gif <-- WS_FTP32 /users/sam/public_html/2phase/ALL/main img45.gif
99.12.15 08:44 B C:\TEMP\main\img450.gif <-- WS_FTP32 /users/sam/public_html/2phase/ALL/main img450.gif
99.12.15 08:44 B C:\TEMP\main\img451.gif <-- WS_FTP32 /users/sam/public_html/2phase/ALL/main img451.gif
99.12.15 08:44 B C:\TEMP\main\img452.gif <-- WS_FTP32 /users/sam/public_html/2phase/ALL/main img452.gif
99.12.15 08:44 B C:\TEMP\main\img453.gif <-- WS_FTP32 /users/sam/public_html/2phase/ALL/main img453.gif
99.12.15 08:44 B C:\TEMP\main\img454.gif <-- WS_FTP32 /users/sam/public_html/2phase/ALL/main img454.gif
99.12.15 08:44 B C:\TEMP\main\img455.gif <-- WS_FTP32 /users/sam/public_html/2phase/ALL/main img455.gif
99.12.15 08:44 B C:\TEMP\main\img46.gif <-- WS_FTP32 /users/sam/public_html/2phase/ALL/main img46.gif
99.12.15 08:44 B C:\TEMP\main\img47.gif <-- WS_FTP32 /users/sam/public_html/2phase/ALL/main img47.gif
99.12.15 08:44 B C:\TEMP\main\img48.gif <-- WS_FTP32 /users/sam/public_html/2phase/ALL/main img48.gif
99.12.15 08:44 B C:\TEMP\main\img49.gif <-- WS_FTP32 /users/sam/public_html/2phase/ALL/main img49.gif
99.12.15 08:44 B C:\TEMP\main\img5.gif <-- WS_FTP32 /users/sam/public_html/2phase/ALL/main img5.gif
99.12.15 08:44 B C:\TEMP\main\img50.gif <-- WS_FTP32 /users/sam/public_html/2phase/ALL/main img50.gif
99.12.15 08:44 B C:\TEMP\main\img51.gif <-- WS_FTP32 /users/sam/public_html/2phase/ALL/main img51.gif
99.12.15 08:44 B C:\TEMP\main\img52.gif <-- WS_FTP32 /users/sam/public_html/2phase/ALL/main img52.gif
99.12.15 08:44 B C:\TEMP\main\img53.gif <-- WS_FTP32 /users/sam/public_html/2phase/ALL/main img53.gif
99.12.15 08:44 B C:\TEMP\main\img54.gif <-- WS_FTP32 /users/sam/public_html/2phase/ALL/main img54.gif
99.12.15 08:44 B C:\TEMP\main\img55.gif <-- WS_FTP32 /users/sam/public_html/2phase/ALL/main img55.gif
99.12.15 08:45 B C:\TEMP\main\img56.gif <-- WS_FTP32 /users/sam/public_html/2phase/ALL/main img56.gif
99.12.15 08:45 B C:\TEMP\main\img57.gif <-- WS_FTP32 /users/sam/public_html/2phase/ALL/main img57.gif
99.12.15 08:45 B C:\TEMP\main\img58.gif <-- WS_FTP32 /users/sam/public_html/2phase/ALL/main img58.gif
99.12.15 08:45 B C:\TEMP\main\img59.gif <-- WS_FTP32 /users/sam/public_html/2phase/ALL/main img59.gif
99.12.15 08:45 B C:\TEMP\main\img6.gif <-- WS_FTP32 /users/sam/public_html/2phase/ALL/main img6.gif
99.12.15 08:45 B C:\TEMP\main\img6.old <-- WS_FTP32 /users/sam/public_html/2phase/ALL/main img6.old
99.12.15 08:45 B C:\TEMP\main\img60.gif <-- WS_FTP32 /users/sam/public_html/2phase/ALL/main img60.gif
99.12.15 08:45 B C:\TEMP\main\img61.gif <-- WS_FTP32 /users/sam/public_html/2phase/ALL/main img61.gif
99.12.15 08:45 B C:\TEMP\main\img62.gif <-- WS_FTP32 /users/sam/public_html/2phase/ALL/main img62.gif
99.12.15 08:45 B C:\TEMP\main\img63.gif <-- WS_FTP32 /users/sam/public_html/2phase/ALL/main img63.gif
99.12.15 08:45 B C:\TEMP\main\img64.gif <-- WS_FTP32 /users/sam/public_html/2phase/ALL/main img64.gif
99.12.15 08:45 B C:\TEMP\main\img65.gif <-- WS_FTP32 /users/sam/public_html/2phase/ALL/main img65.gif
99.12.15 08:45 B C:\TEMP\main\img66.gif <-- WS_FTP32 /users/sam/public_html/2phase/ALL/main img66.gif
99.12.15 08:45 B C:\TEMP\main\img67.gif <-- WS_FTP32 /users/sam/public_html/2phase/ALL/main img67.gif
99.12.15 08:45 B C:\TEMP\main\img68.gif <-- WS_FTP32 /users/sam/public_html/2phase/ALL/main img68.gif
99.12.15 08:45 B C:\TEMP\main\img69.gif <-- WS_FTP32 /users/sam/public_html/2phase/ALL/main img69.gif
99.12.15 08:45 B C:\TEMP\main\img7.gif <-- WS_FTP32 /users/sam/public_html/2phase/ALL/main img7.gif
99.12.15 08:45 B C:\TEMP\main\img70.gif <-- WS_FTP32 /users/sam/public_html/2phase/ALL/main img70.gif
99.12.15 08:45 B C:\TEMP\main\img71.gif <-- WS_FTP32 /users/sam/public_html/2phase/ALL/main img71.gif
99.12.15 08:45 B C:\TEMP\main\img72.gif <-- WS_FTP32 /users/sam/public_html/2phase/ALL/main img72.gif
99.12.15 08:45 B C:\TEMP\main\img73.gif <-- WS_FTP32 /users/sam/public_html/2phase/ALL/main img73.gif
99.12.15 08:45 B C:\TEMP\main\img74.gif <-- WS_FTP32 /users/sam/public_html/2phase/ALL/main img74.gif
99.12.15 08:45 B C:\TEMP\main\img75.gif <-- WS_FTP32 /users/sam/public_html/2phase/ALL/main img75.gif
99.12.15 08:45 B C:\TEMP\main\img76.gif <-- WS_FTP32 /users/sam/public_html/2phase/ALL/main img76.gif
99.12.15 08:45 B C:\TEMP\main\img77.gif <-- WS_FTP32 /users/sam/public_html/2phase/ALL/main img77.gif
99.12.15 08:45 B C:\TEMP\main\img78.gif <-- WS_FTP32 /users/sam/public_html/2phase/ALL/main img78.gif
99.12.15 08:45 B C:\TEMP\main\img79.gif <-- WS_FTP32 /users/sam/public_html/2phase/ALL/main img79.gif
99.12.15 08:45 B C:\TEMP\main\img8.gif <-- WS_FTP32 /users/sam/public_html/2phase/ALL/main img8.gif
99.12.15 08:45 B C:\TEMP\main\img8.old <-- WS_FTP32 /users/sam/public_html/2phase/ALL/main img8.old
99.12.15 08:45 B C:\TEMP\main\img80.gif <-- WS_FTP32 /users/sam/public_html/2phase/ALL/main img80.gif
99.12.15 08:45 B C:\TEMP\main\img81.gif <-- WS_FTP32 /users/sam/public_html/2phase/ALL/main img81.gif
99.12.15 08:45 B C:\TEMP\main\img82.gif <-- WS_FTP32 /users/sam/public_html/2phase/ALL/main img82.gif
99.12.15 08:45 B C:\TEMP\main\img83.gif <-- WS_FTP32 /users/sam/public_html/2phase/ALL/main img83.gif
99.12.15 08:45 B C:\TEMP\main\img84.gif <-- WS_FTP32 /users/sam/public_html/2phase/ALL/main img84.gif
99.12.15 08:45 B C:\TEMP\main\img85.gif <-- WS_FTP32 /users/sam/public_html/2phase/ALL/main img85.gif
99.12.15 08:45 B C:\TEMP\main\img86.gif <-- WS_FTP32 /users/sam/public_html/2phase/ALL/main img86.gif
99.12.15 08:45 B C:\TEMP\main\img87.gif <-- WS_FTP32 /users/sam/public_html/2phase/ALL/main img87.gif
99.12.15 08:45 B C:\TEMP\main\img88.gif <-- WS_FTP32 /users/sam/public_html/2phase/ALL/main img88.gif
99.12.15 08:45 B C:\TEMP\main\img89.gif <-- WS_FTP32 /users/sam/public_html/2phase/ALL/main img89.gif
99.12.15 08:45 B C:\TEMP\main\img9.gif <-- WS_FTP32 /users/sam/public_html/2phase/ALL/main img9.gif
99.12.15 08:45 B C:\TEMP\main\img9.old <-- WS_FTP32 /users/sam/public_html/2phase/ALL/main img9.old
99.12.15 08:45 B C:\TEMP\main\img90.gif <-- WS_FTP32 /users/sam/public_html/2phase/ALL/main img90.gif
99.12.15 08:45 B C:\TEMP\main\img91.gif <-- WS_FTP32 /users/sam/public_html/2phase/ALL/main img91.gif
99.12.15 08:45 B C:\TEMP\main\img92.gif <-- WS_FTP32 /users/sam/public_html/2phase/ALL/main img92.gif
99.12.15 08:45 B C:\TEMP\main\img93.gif <-- WS_FTP32 /users/sam/public_html/2phase/ALL/main img93.gif
99.12.15 08:45 B C:\TEMP\main\img94.gif <-- WS_FTP32 /users/sam/public_html/2phase/ALL/main img94.gif
99.12.15 08:45 B C:\TEMP\main\img95.gif <-- WS_FTP32 /users/sam/public_html/2phase/ALL/main img95.gif
99.12.15 08:45 B C:\TEMP\main\img96.gif <-- WS_FTP32 /users/sam/public_html/2phase/ALL/main img96.gif
99.12.15 08:45 B C:\TEMP\main\img97.gif <-- WS_FTP32 /users/sam/public_html/2phase/ALL/main img97.gif
99.12.15 08:45 B C:\TEMP\main\img98.gif <-- WS_FTP32 /users/sam/public_html/2phase/ALL/main img98.gif
99.12.15 08:45 B C:\TEMP\main\img99.gif <-- WS_FTP32 /users/sam/public_html/2phase/ALL/main img99.gif
99.12.15 08:45 B C:\TEMP\main\main.css <-- WS_FTP32 /users/sam/public_html/2phase/ALL/main main.css
99.12.15 08:45 B C:\TEMP\main\main.html <-- WS_FTP32 /users/sam/public_html/2phase/ALL/main main.html
99.12.15 08:45 B C:\TEMP\main\node1.html <-- WS_FTP32 /users/sam/public_html/2phase/ALL/main node1.html
99.12.15 08:45 B C:\TEMP\main\node10.html <-- WS_FTP32 /users/sam/public_html/2phase/ALL/main node10.html
99.12.15 08:45 B C:\TEMP\main\node10.html~ <-- WS_FTP32 /users/sam/public_html/2phase/ALL/main node10.html~
99.12.15 08:45 B C:\TEMP\main\node11.html <-- WS_FTP32 /users/sam/public_html/2phase/ALL/main node11.html
99.12.15 08:45 B C:\TEMP\main\node12.html <-- WS_FTP32 /users/sam/public_html/2phase/ALL/main node12.html
99.12.15 08:45 B C:\TEMP\main\node13.html <-- WS_FTP32 /users/sam/public_html/2phase/ALL/main node13.html
99.12.15 08:45 B C:\TEMP\main\node14.html <-- WS_FTP32 /users/sam/public_html/2phase/ALL/main node14.html
99.12.15 08:45 B C:\TEMP\main\node15.html <-- WS_FTP32 /users/sam/public_html/2phase/ALL/main node15.html
99.12.15 08:45 B C:\TEMP\main\node16.html <-- WS_FTP32 /users/sam/public_html/2phase/ALL/main node16.html
99.12.15 08:45 B C:\TEMP\main\node17.html <-- WS_FTP32 /users/sam/public_html/2phase/ALL/main node17.html
99.12.15 08:45 B C:\TEMP\main\node18.html <-- WS_FTP32 /users/sam/public_html/2phase/ALL/main node18.html
99.12.15 08:45 B C:\TEMP\main\node19.html <-- WS_FTP32 /users/sam/public_html/2phase/ALL/main node19.html
99.12.15 08:45 B C:\TEMP\main\node2.html <-- WS_FTP32 /users/sam/public_html/2phase/ALL/main node2.html
99.12.15 08:45 B C:\TEMP\main\node20.html <-- WS_FTP32 /users/sam/public_html/2phase/ALL/main node20.html
99.12.15 08:45 B C:\TEMP\main\node21.html <-- WS_FTP32 /users/sam/public_html/2phase/ALL/main node21.html
99.12.15 08:45 B C:\TEMP\main\node22.html <-- WS_FTP32 /users/sam/public_html/2phase/ALL/main node22.html
99.12.15 08:45 B C:\TEMP\main\node23.html <-- WS_FTP32 /users/sam/public_html/2phase/ALL/main node23.html
99.12.15 08:45 B C:\TEMP\main\node24.html <-- WS_FTP32 /users/sam/public_html/2phase/ALL/main node24.html
99.12.15 08:45 B C:\TEMP\main\node25.html <-- WS_FTP32 /users/sam/public_html/2phase/ALL/main node25.html
99.12.15 08:45 B C:\TEMP\main\node26.html <-- WS_FTP32 /users/sam/public_html/2phase/ALL/main node26.html
99.12.15 08:45 B C:\TEMP\main\node27.html <-- WS_FTP32 /users/sam/public_html/2phase/ALL/main node27.html
99.12.15 08:45 B C:\TEMP\main\node28.html <-- WS_FTP32 /users/sam/public_html/2phase/ALL/main node28.html
99.12.15 08:45 B C:\TEMP\main\node29.html <-- WS_FTP32 /users/sam/public_html/2phase/ALL/main node29.html
99.12.15 08:45 B C:\TEMP\main\node3.html <-- WS_FTP32 /users/sam/public_html/2phase/ALL/main node3.html
99.12.15 08:45 B C:\TEMP\main\node30.html <-- WS_FTP32 /users/sam/public_html/2phase/ALL/main node30.html
99.12.15 08:45 B C:\TEMP\main\node31.html <-- WS_FTP32 /users/sam/public_html/2phase/ALL/main node31.html
99.12.15 08:45 B C:\TEMP\main\node32.html <-- WS_FTP32 /users/sam/public_html/2phase/ALL/main node32.html
99.12.15 08:45 B C:\TEMP\main\node33.html <-- WS_FTP32 /users/sam/public_html/2phase/ALL/main node33.html
99.12.15 08:45 B C:\TEMP\main\node34.html <-- WS_FTP32 /users/sam/public_html/2phase/ALL/main node34.html
99.12.15 08:45 B C:\TEMP\main\node35.html <-- WS_FTP32 /users/sam/public_html/2phase/ALL/main node35.html
99.12.15 08:45 B C:\TEMP\main\node36.html <-- WS_FTP32 /users/sam/public_html/2phase/ALL/main node36.html
99.12.15 08:45 B C:\TEMP\main\node37.html <-- WS_FTP32 /users/sam/public_html/2phase/ALL/main node37.html
99.12.15 08:45 B C:\TEMP\main\node38.html <-- WS_FTP32 /users/sam/public_html/2phase/ALL/main node38.html
99.12.15 08:45 B C:\TEMP\main\node39.html <-- WS_FTP32 /users/sam/public_html/2phase/ALL/main node39.html
99.12.15 08:45 B C:\TEMP\main\node4.html <-- WS_FTP32 /users/sam/public_html/2phase/ALL/main node4.html
99.12.15 08:45 B C:\TEMP\main\node40.html <-- WS_FTP32 /users/sam/public_html/2phase/ALL/main node40.html
99.12.15 08:45 B C:\TEMP\main\node41.html <-- WS_FTP32 /users/sam/public_html/2phase/ALL/main node41.html
99.12.15 08:45 B C:\TEMP\main\node42.html <-- WS_FTP32 /users/sam/public_html/2phase/ALL/main node42.html
99.12.15 08:45 B C:\TEMP\main\node43.html <-- WS_FTP32 /users/sam/public_html/2phase/ALL/main node43.html
99.12.15 08:45 B C:\TEMP\main\node44.html <-- WS_FTP32 /users/sam/public_html/2phase/ALL/main node44.html
99.12.15 08:45 B C:\TEMP\main\node45.html <-- WS_FTP32 /users/sam/public_html/2phase/ALL/main node45.html
99.12.15 08:45 B C:\TEMP\main\node46.html <-- WS_FTP32 /users/sam/public_html/2phase/ALL/main node46.html
99.12.15 08:45 B C:\TEMP\main\node47.html <-- WS_FTP32 /users/sam/public_html/2phase/ALL/main node47.html
99.12.15 08:45 B C:\TEMP\main\node48.html <-- WS_FTP32 /users/sam/public_html/2phase/ALL/main node48.html
99.12.15 08:45 B C:\TEMP\main\node49.html <-- WS_FTP32 /users/sam/public_html/2phase/ALL/main node49.html
99.12.15 08:45 B C:\TEMP\main\node5.html <-- WS_FTP32 /users/sam/public_html/2phase/ALL/main node5.html
99.12.15 08:45 B C:\TEMP\main\node50.html <-- WS_FTP32 /users/sam/public_html/2phase/ALL/main node50.html
99.12.15 08:45 B C:\TEMP\main\node51.html <-- WS_FTP32 /users/sam/public_html/2phase/ALL/main node51.html
99.12.15 08:45 B C:\TEMP\main\node52.html <-- WS_FTP32 /users/sam/public_html/2phase/ALL/main node52.html
99.12.15 08:45 B C:\TEMP\main\node53.html <-- WS_FTP32 /users/sam/public_html/2phase/ALL/main node53.html
99.12.15 08:45 B C:\TEMP\main\node54.html <-- WS_FTP32 /users/sam/public_html/2phase/ALL/main node54.html
99.12.15 08:45 B C:\TEMP\main\node55.html <-- WS_FTP32 /users/sam/public_html/2phase/ALL/main node55.html
99.12.15 08:45 B C:\TEMP\main\node56.html <-- WS_FTP32 /users/sam/public_html/2phase/ALL/main node56.html
99.12.15 08:45 B C:\TEMP\main\node57.html <-- WS_FTP32 /users/sam/public_html/2phase/ALL/main node57.html
99.12.15 08:45 B C:\TEMP\main\node58.html <-- WS_FTP32 /users/sam/public_html/2phase/ALL/main node58.html
99.12.15 08:45 B C:\TEMP\main\node59.html <-- WS_FTP32 /users/sam/public_html/2phase/ALL/main node59.html
99.12.15 08:45 B C:\TEMP\main\node6.html <-- WS_FTP32 /users/sam/public_html/2phase/ALL/main node6.html
99.12.15 08:45 B C:\TEMP\main\node60.html <-- WS_FTP32 /users/sam/public_html/2phase/ALL/main node60.html
99.12.15 08:45 B C:\TEMP\main\node61.html <-- WS_FTP32 /users/sam/public_html/2phase/ALL/main node61.html
99.12.15 08:45 B C:\TEMP\main\node62.html <-- WS_FTP32 /users/sam/public_html/2phase/ALL/main node62.html
99.12.15 08:45 B C:\TEMP\main\node63.html <-- WS_FTP32 /users/sam/public_html/2phase/ALL/main node63.html
99.12.15 08:45 B C:\TEMP\main\node64.html <-- WS_FTP32 /users/sam/public_html/2phase/ALL/main node64.html
99.12.15 08:45 B C:\TEMP\main\node7.html <-- WS_FTP32 /users/sam/public_html/2phase/ALL/main node7.html
99.12.15 08:45 B C:\TEMP\main\node7.html~ <-- WS_FTP32 /users/sam/public_html/2phase/ALL/main node7.html~
99.12.15 08:45 B C:\TEMP\main\node8.html <-- WS_FTP32 /users/sam/public_html/2phase/ALL/main node8.html
99.12.15 08:45 B C:\TEMP\main\node9.html <-- WS_FTP32 /users/sam/public_html/2phase/ALL/main node9.html
